[0.000000] (-) TimerEvent: {}
[0.000372] (-) JobUnselected: {'identifier': 'cpp_pkg'}
[0.000430] (-) JobUnselected: {'identifier': 'turtlesim_interfaces'}
[0.000482] (py_pkg) JobQueued: {'identifier': 'py_pkg', 'dependencies': OrderedDict([('turtlesim_interfaces', '/home/lucas/turtlesim_ws/install/turtlesim_interfaces')])}
[0.000546] (turtlesim_bringup) JobQueued: {'identifier': 'turtlesim_bringup', 'dependencies': OrderedDict([('cpp_pkg', '/home/lucas/turtlesim_ws/install/cpp_pkg'), ('turtlesim_interfaces', '/home/lucas/turtlesim_ws/install/turtlesim_interfaces'), ('py_pkg', '/home/lucas/turtlesim_ws/install/py_pkg')])}
[0.001872] (py_pkg) JobStarted: {'identifier': 'py_pkg'}
[0.099448] (-) TimerEvent: {}
[0.199885] (-) TimerEvent: {}
[0.300418] (-) TimerEvent: {}
[0.400870] (-) TimerEvent: {}
[0.501338] (-) TimerEvent: {}
[0.601810] (-) TimerEvent: {}
[0.702247] (-) TimerEvent: {}
[0.797580] (py_pkg) StderrLine: {'line': b'Traceback (most recent call last):\n  File "/usr/lib/python3/dist-packages/colcon_parallel_executor/executor/parallel.py", line 75, in execute\n    loop.run_until_complete(future)\n  File "/usr/lib/python3.10/asyncio/base_events.py", line 636, in run_until_complete\n    self.run_forever()\n  File "/usr/lib/python3.10/asyncio/base_events.py", line 603, in run_forever\n    self._run_once()\n  File "/usr/lib/python3.10/asyncio/base_events.py", line 1871, in _run_once\n    event_list = self._selector.select(timeout)\n  File "/usr/lib/python3.10/selectors.py", line 469, in select\n    fd_event_list = self._selector.poll(timeout, max_ev)\nKeyboardInterrupt\n\nDuring handling of the above exception, another exception occurred:\n\nTraceback (most recent call last):\n  File "/usr/lib/python3/dist-packages/colcon_core/executor/__init__.py", line 91, in __call__\n    rc = await self.task(*args, **kwargs)\n  File "/usr/lib/python3/dist-packages/colcon_core/task/__init__.py", line 93, in __call__\n    return await task_method(*args, **kwargs)\n  File "/usr/lib/python3/dist-packages/colcon_ros/task/ament_python/build.py", line 102, in build\n    return await extension.build(additional_hooks=additional_hooks)\n  File "/usr/lib/python3/dist-packages/colcon_core/task/python/build.py", line 96, in build\n    available_commands = await self._get_available_commands(\n  File "/usr/lib/python3/dist-packages/colcon_core/task/python/build.py", line 194, in _get_available_commands\n    output = await check_output(\n  File "/usr/lib/python3/dist-packages/colcon_core/subprocess.py", line 129, in check_output\n    assert not rc, f\'Expected {args} to pass: {stderr_data}\'\nAssertionError: Expected [\'/usr/bin/python3\', \'-W\', \'ignore:setup.py install is deprecated\', \'-W\', \'ignore:easy_install command is deprecated\', \'setup.py\', \'--help-commands\'] to pass: Traceback (most recent call last):\n  File "/home/lucas/turtlesim_ws/src/py_pkg/setup.py", line 1, in <module>\n    from setuptools import find_packages, setup\n  File "/usr/lib/python3/dist-packages/setuptools/__init__.py", line 10, in <module>\n    import distutils.core\n  File "/usr/lib/python3.10/distutils/core.py", line 17, in <module>\n    from distutils.cmd import Command\n  File "/usr/lib/python3.10/distutils/cmd.py", line 9, in <module>\n    from distutils import util, dir_util, file_util, archive_util, dep_util\n  File "/usr/lib/python3.10/distutils/archive_util.py", line 11, in <module>\n    import zipfile\n  File "/usr/lib/python3.10/zipfile.py", line 20, in <module>\n    import pathlib\n  File "/usr/lib/python3.10/pathlib.py", line 14, in <module>\n    from urllib.parse import quote_from_bytes as urlquote_from_bytes\n  File "/usr/lib/python3.10/urllib/parse.py", line 140, in <module>\n    class _ResultMixinStr(object):\nKeyboardInterrupt\n\n'}
[0.798499] (py_pkg) JobEnded: {'identifier': 'py_pkg', 'rc': 'SIGINT'}
[0.802418] (-) TimerEvent: {}
[0.808580] (turtlesim_bringup) JobSkipped: {'identifier': 'turtlesim_bringup'}
[0.808704] (-) EventReactorShutdown: {}
